<?xml version="1.0" encoding="UTF-8"?>
<testsuite name="de.tomgrill.gdxtesting.unit_tests.ExampleTest" tests="1" skipped="0" failures="0" errors="0" timestamp="2023-04-24T13:57:26" hostname="BENSPC" time="0.002">
  <properties/>
  <testcase name="exampleTest" classname="de.tomgrill.gdxtesting.unit_tests.ExampleTest" time="0.002"/>
  <system-out><![CDATA[]]></system-out>
  <system-err><![CDATA[]]></system-err>
</testsuite>
