<?xml version="1.0" encoding="UTF-8"?>
<testsuite name="de.tomgrill.gdxtesting.unit_tests.character.CustomerTests" tests="5" skipped="0" failures="0" errors="0" timestamp="2023-04-30T12:14:35" hostname="DESKTOP-I4ITFE8" time="0.069">
  <properties/>
  <testcase name="testWaitingPhase" classname="de.tomgrill.gdxtesting.unit_tests.character.CustomerTests" time="0.003"/>
  <testcase name="testSpawn" classname="de.tomgrill.gdxtesting.unit_tests.character.CustomerTests" time="0.001"/>
  <testcase name="testMovingToStationPhase" classname="de.tomgrill.gdxtesting.unit_tests.character.CustomerTests" time="0.014"/>
  <testcase name="testLeavingPhase" classname="de.tomgrill.gdxtesting.unit_tests.character.CustomerTests" time="0.002"/>
  <testcase name="testDespawnPhase" classname="de.tomgrill.gdxtesting.unit_tests.character.CustomerTests" time="0.001"/>
  <system-out><![CDATA[]]></system-out>
  <system-err><![CDATA[]]></system-err>
</testsuite>
