<?xml version="1.0" encoding="UTF-8"?>
<testsuite name="de.tomgrill.gdxtesting.unit_tests.menu.Buttons.QuitButtonTests" tests="2" skipped="0" failures="0" errors="0" timestamp="2023-05-02T12:14:25" hostname="BENSPC" time="0.024">
  <properties/>
  <testcase name="testUnrenderedAtStart" classname="de.tomgrill.gdxtesting.unit_tests.menu.Buttons.QuitButtonTests" time="0.006"/>
  <testcase name="testPerformedTask" classname="de.tomgrill.gdxtesting.unit_tests.menu.Buttons.QuitButtonTests" time="0.006"/>
  <system-out><![CDATA[Returning to main menu
]]></system-out>
  <system-err><![CDATA[]]></system-err>
</testsuite>
