<?xml version="1.0" encoding="UTF-8"?>
<testsuite name="de.tomgrill.gdxtesting.unit_tests.menu.Buttons.ScenarioCustomerCountButtonTests" tests="2" skipped="0" failures="0" errors="0" timestamp="2023-05-02T12:14:25" hostname="BENSPC" time="0.032">
  <properties/>
  <testcase name="testPerformedTask" classname="de.tomgrill.gdxtesting.unit_tests.menu.Buttons.ScenarioCustomerCountButtonTests" time="0.011"/>
  <testcase name="testRenderedAtStart" classname="de.tomgrill.gdxtesting.unit_tests.menu.Buttons.ScenarioCustomerCountButtonTests" time="0.015"/>
  <system-out><![CDATA[]]></system-out>
  <system-err><![CDATA[]]></system-err>
</testsuite>
