<?xml version="1.0" encoding="UTF-8"?>
<testsuite name="de.tomgrill.gdxtesting.unit_tests.menu.Buttons.DifficultyButtonTests" tests="2" skipped="0" failures="0" errors="0" timestamp="2023-04-30T00:12:03" hostname="LAPTOP-USS9CV47" time="0.046">
  <properties/>
  <testcase name="testPerformedTask" classname="de.tomgrill.gdxtesting.unit_tests.menu.Buttons.DifficultyButtonTests" time="0.019"/>
  <testcase name="testRenderedAtStart" classname="de.tomgrill.gdxtesting.unit_tests.menu.Buttons.DifficultyButtonTests" time="0.008"/>
  <system-out><![CDATA[EASY
MEDIUM
HARD
]]></system-out>
  <system-err><![CDATA[]]></system-err>
</testsuite>
