<?xml version="1.0" encoding="UTF-8"?>
<testsuite name="de.tomgrill.gdxtesting.unit_tests.MainGameTests" tests="2" skipped="0" failures="0" errors="0" timestamp="2023-05-01T12:02:31" hostname="BENSPC" time="0.02">
  <properties/>
  <testcase name="testSetSelectedPlayer" classname="de.tomgrill.gdxtesting.unit_tests.MainGameTests" time="0.015"/>
  <testcase name="testInitialisePlayers" classname="de.tomgrill.gdxtesting.unit_tests.MainGameTests" time="0.004"/>
  <system-out><![CDATA[]]></system-out>
  <system-err><![CDATA[]]></system-err>
</testsuite>
