<?xml version="1.0" encoding="UTF-8"?>
<testsuite name="de.tomgrill.gdxtesting.unit_tests.menu.Buttons.SaveButtonTests" tests="2" skipped="0" failures="0" errors="0" timestamp="2023-04-30T12:14:38" hostname="DESKTOP-I4ITFE8" time="0.068">
  <properties/>
  <testcase name="testPerformedTask" classname="de.tomgrill.gdxtesting.unit_tests.menu.Buttons.SaveButtonTests" time="0.047"/>
  <testcase name="testRenderedAtStart" classname="de.tomgrill.gdxtesting.unit_tests.menu.Buttons.SaveButtonTests" time="0.02"/>
  <system-out><![CDATA[[]
[null, null]
]]></system-out>
  <system-err><![CDATA[]]></system-err>
</testsuite>
