<?xml version="1.0" encoding="UTF-8"?>
<testsuite name="de.tomgrill.gdxtesting.unit_tests.character.CustomerTests" tests="5" skipped="0" failures="0" errors="0" timestamp="2023-05-02T13:29:28" hostname="BENS-LAPTOP" time="0.067">
  <properties/>
  <testcase name="testWaitingPhase" classname="de.tomgrill.gdxtesting.unit_tests.character.CustomerTests" time="0.001"/>
  <testcase name="testSpawn" classname="de.tomgrill.gdxtesting.unit_tests.character.CustomerTests" time="0.001"/>
  <testcase name="testMovingToStationPhase" classname="de.tomgrill.gdxtesting.unit_tests.character.CustomerTests" time="0.01"/>
  <testcase name="testLeavingPhase" classname="de.tomgrill.gdxtesting.unit_tests.character.CustomerTests" time="0.001"/>
  <testcase name="testDespawnPhase" classname="de.tomgrill.gdxtesting.unit_tests.character.CustomerTests" time="0.001"/>
  <system-out><![CDATA[]]></system-out>
  <system-err><![CDATA[]]></system-err>
</testsuite>
