<?xml version="1.0" encoding="UTF-8"?>
<testsuite name="de.tomgrill.gdxtesting.unit_tests.menu.Buttons.DifficultyButtonTests" tests="2" skipped="0" failures="0" errors="0" timestamp="2023-05-02T13:29:29" hostname="BENS-LAPTOP" time="0.092">
  <properties/>
  <testcase name="testPerformedTask" classname="de.tomgrill.gdxtesting.unit_tests.menu.Buttons.DifficultyButtonTests" time="0.047"/>
  <testcase name="testRenderedAtStart" classname="de.tomgrill.gdxtesting.unit_tests.menu.Buttons.DifficultyButtonTests" time="0.025"/>
  <system-out><![CDATA[EASY
MEDIUM
HARD
]]></system-out>
  <system-err><![CDATA[]]></system-err>
</testsuite>
