<?xml version="1.0" encoding="UTF-8"?>
<testsuite name="de.tomgrill.gdxtesting.unit_tests.character.CustomerTests" tests="4" skipped="0" failures="0" errors="0" timestamp="2023-04-25T13:17:43" hostname="BENSPC" time="0.167">
  <properties/>
  <testcase name="testMovingToStationPhase" classname="de.tomgrill.gdxtesting.unit_tests.character.CustomerTests" time="0.116"/>
  <testcase name="testCustomerSpawn" classname="de.tomgrill.gdxtesting.unit_tests.character.CustomerTests" time="0.0"/>
  <testcase name="testLeavingPhase" classname="de.tomgrill.gdxtesting.unit_tests.character.CustomerTests" time="0.0"/>
  <testcase name="testDespawnPhase" classname="de.tomgrill.gdxtesting.unit_tests.character.CustomerTests" time="0.001"/>
  <system-out><![CDATA[]]></system-out>
  <system-err><![CDATA[]]></system-err>
</testsuite>
