<?xml version="1.0" encoding="UTF-8"?>
<testsuite name="de.tomgrill.gdxtesting.unit_tests.menu.Buttons.BackButtonTests" tests="2" skipped="0" failures="0" errors="0" timestamp="2023-05-02T13:29:29" hostname="BENS-LAPTOP" time="0.075">
  <properties/>
  <testcase name="testPerformedTask" classname="de.tomgrill.gdxtesting.unit_tests.menu.Buttons.BackButtonTests" time="0.043"/>
  <testcase name="testRenderedAtStart" classname="de.tomgrill.gdxtesting.unit_tests.menu.Buttons.BackButtonTests" time="0.014"/>
  <system-out><![CDATA[Returning to main menu
]]></system-out>
  <system-err><![CDATA[]]></system-err>
</testsuite>
