<?xml version="1.0" encoding="UTF-8"?>
<testsuite name="de.tomgrill.gdxtesting.unit_tests.map.interactable.BinStationTests" tests="2" skipped="0" failures="0" errors="0" timestamp="2023-05-02T13:29:29" hostname="BENS-LAPTOP" time="0.002">
  <properties/>
  <testcase name="testEmptyHandInteraction" classname="de.tomgrill.gdxtesting.unit_tests.map.interactable.BinStationTests" time="0.001"/>
  <testcase name="testItemRemoval" classname="de.tomgrill.gdxtesting.unit_tests.map.interactable.BinStationTests" time="0.001"/>
  <system-out><![CDATA[held: [Mock for Item, hashCode: 1248435962]
]]></system-out>
  <system-err><![CDATA[]]></system-err>
</testsuite>
