<?xml version="1.0" encoding="UTF-8"?>
<testsuite name="de.tomgrill.gdxtesting.unit_tests.map.interactable.BinStationTests" tests="2" skipped="0" failures="0" errors="0" timestamp="2023-04-30T00:12:03" hostname="LAPTOP-USS9CV47" time="0.001">
  <properties/>
  <testcase name="testEmptyHandInteraction" classname="de.tomgrill.gdxtesting.unit_tests.map.interactable.BinStationTests" time="0.0"/>
  <testcase name="testItemRemoval" classname="de.tomgrill.gdxtesting.unit_tests.map.interactable.BinStationTests" time="0.001"/>
  <system-out><![CDATA[held: [Mock for Item, hashCode: 2068100669]
]]></system-out>
  <system-err><![CDATA[]]></system-err>
</testsuite>
