<?xml version="1.0" encoding="UTF-8"?>
<testsuite name="de.tomgrill.gdxtesting.unit_tests.character.CustomerTests" tests="5" skipped="0" failures="0" errors="0" timestamp="2023-04-24T13:57:26" hostname="BENSPC" time="0.117">
  <properties/>
  <testcase name="testWaitingPhase" classname="de.tomgrill.gdxtesting.unit_tests.character.CustomerTests" time="0.049"/>
  <testcase name="testMovingToStationPhase" classname="de.tomgrill.gdxtesting.unit_tests.character.CustomerTests" time="0.01"/>
  <testcase name="testCustomerSpawn" classname="de.tomgrill.gdxtesting.unit_tests.character.CustomerTests" time="0.0"/>
  <testcase name="testLeavingPhase" classname="de.tomgrill.gdxtesting.unit_tests.character.CustomerTests" time="0.0"/>
  <testcase name="testDespawnPhase" classname="de.tomgrill.gdxtesting.unit_tests.character.CustomerTests" time="0.0"/>
  <system-out><![CDATA[]]></system-out>
  <system-err><![CDATA[]]></system-err>
</testsuite>
