<?xml version="1.0" encoding="UTF-8"?>
<testsuite name="de.tomgrill.gdxtesting.unit_tests.menu.Buttons.ScenarioCustomerCountButtonTests" tests="2" skipped="0" failures="0" errors="0" timestamp="2023-05-01T12:02:32" hostname="BENSPC" time="0.026">
  <properties/>
  <testcase name="testPerformedTask" classname="de.tomgrill.gdxtesting.unit_tests.menu.Buttons.ScenarioCustomerCountButtonTests" time="0.009"/>
  <testcase name="testRenderedAtStart" classname="de.tomgrill.gdxtesting.unit_tests.menu.Buttons.ScenarioCustomerCountButtonTests" time="0.01"/>
  <system-out><![CDATA[]]></system-out>
  <system-err><![CDATA[]]></system-err>
</testsuite>
