<?xml version="1.0" encoding="UTF-8"?>
<testsuite name="de.tomgrill.gdxtesting.unit_tests.map.interactable.BinStationTests" tests="2" skipped="0" failures="0" errors="0" timestamp="2023-04-29T16:45:33" hostname="DESKTOP-I4ITFE8" time="0.006">
  <properties/>
  <testcase name="testEmptyHandInteraction" classname="de.tomgrill.gdxtesting.unit_tests.map.interactable.BinStationTests" time="0.002"/>
  <testcase name="testItemRemoval" classname="de.tomgrill.gdxtesting.unit_tests.map.interactable.BinStationTests" time="0.003"/>
  <system-out><![CDATA[held: [Mock for Item, hashCode: 1767532961]
]]></system-out>
  <system-err><![CDATA[]]></system-err>
</testsuite>
