<?xml version="1.0" encoding="UTF-8"?>
<testsuite name="de.tomgrill.gdxtesting.unit_tests.match.moneyTests" tests="8" skipped="0" failures="0" errors="0" timestamp="2023-04-30T00:12:03" hostname="LAPTOP-USS9CV47" time="0.005">
  <properties/>
  <testcase name="testBaked_JacketPotatoNoTip" classname="de.tomgrill.gdxtesting.unit_tests.match.moneyTests" time="0.002"/>
  <testcase name="test10Tip" classname="de.tomgrill.gdxtesting.unit_tests.match.moneyTests" time="0.001"/>
  <testcase name="test20Tip" classname="de.tomgrill.gdxtesting.unit_tests.match.moneyTests" time="0.0"/>
  <testcase name="test50Tip" classname="de.tomgrill.gdxtesting.unit_tests.match.moneyTests" time="0.0"/>
  <testcase name="testPizzaNoTip" classname="de.tomgrill.gdxtesting.unit_tests.match.moneyTests" time="0.001"/>
  <testcase name="testBurgerNoTip" classname="de.tomgrill.gdxtesting.unit_tests.match.moneyTests" time="0.0"/>
  <testcase name="testInvalidItemNoTip" classname="de.tomgrill.gdxtesting.unit_tests.match.moneyTests" time="0.0"/>
  <testcase name="testSaladNoTip" classname="de.tomgrill.gdxtesting.unit_tests.match.moneyTests" time="0.001"/>
  <system-out><![CDATA[Not a valid meal name
Too long wait time so no tip
order tip amount: £0.0
Order time between 75% and 50%
order tip amount: £0.7000000000000001
Order time between 50% and 25%
order tip amount: £1.4000000000000001
Order time less than 25%
order tip amount: £3.5
Too long wait time so no tip
order tip amount: £0.0
Too long wait time so no tip
order tip amount: £0.0
Not a valid meal name
Too long wait time so no tip
order tip amount: £0.0
Too long wait time so no tip
order tip amount: £0.0
]]></system-out>
  <system-err><![CDATA[]]></system-err>
</testsuite>
