<?xml version="1.0" encoding="UTF-8"?>
<testsuite name="de.tomgrill.gdxtesting.unit_tests.map.interactable.BakingStationTests" tests="4" skipped="0" failures="0" errors="0" timestamp="2023-05-02T12:14:24" hostname="BENSPC" time="0.024">
  <properties/>
  <testcase name="testCorrectItem_Pizza" classname="de.tomgrill.gdxtesting.unit_tests.map.interactable.BakingStationTests" time="0.014"/>
  <testcase name="testBurntItem" classname="de.tomgrill.gdxtesting.unit_tests.map.interactable.BakingStationTests" time="0.007"/>
  <testcase name="testIncorrectItem" classname="de.tomgrill.gdxtesting.unit_tests.map.interactable.BakingStationTests" time="0.002"/>
  <testcase name="testCorrectItem_JacketPotato" classname="de.tomgrill.gdxtesting.unit_tests.map.interactable.BakingStationTests" time="0.001"/>
  <system-out><![CDATA[Insufficient Funds
null
Incorrect Item
]]></system-out>
  <system-err><![CDATA[]]></system-err>
</testsuite>
