<?xml version="1.0" encoding="UTF-8"?>
<testsuite name="de.tomgrill.gdxtesting.unit_tests.menu.Buttons.ExitGameButtonTests" tests="2" skipped="0" failures="0" errors="0" timestamp="2023-05-02T13:29:30" hostname="BENS-LAPTOP" time="0.026">
  <properties/>
  <testcase name="testPerformedTask" classname="de.tomgrill.gdxtesting.unit_tests.menu.Buttons.ExitGameButtonTests" time="0.014"/>
  <testcase name="testRenderedAtStart" classname="de.tomgrill.gdxtesting.unit_tests.menu.Buttons.ExitGameButtonTests" time="0.01"/>
  <system-out><![CDATA[Exiting Game
]]></system-out>
  <system-err><![CDATA[]]></system-err>
</testsuite>
