<?xml version="1.0" encoding="UTF-8"?>
<testsuite name="de.tomgrill.gdxtesting.unit_tests.map.powerups.CarryCapacityPowerUpTests" tests="1" skipped="0" failures="0" errors="0" timestamp="2023-04-30T00:12:03" hostname="LAPTOP-USS9CV47" time="0.006">
  <properties/>
  <testcase name="testActivateAndDeactivate" classname="de.tomgrill.gdxtesting.unit_tests.map.powerups.CarryCapacityPowerUpTests" time="0.006"/>
  <system-out><![CDATA[]]></system-out>
  <system-err><![CDATA[]]></system-err>
</testsuite>
