<?xml version="1.0" encoding="UTF-8"?>
<testsuite name="de.tomgrill.gdxtesting.unit_tests.map.powerups.PrepTimePowerUpTests" tests="1" skipped="0" failures="0" errors="0" timestamp="2023-04-30T12:14:36" hostname="DESKTOP-I4ITFE8" time="0.013">
  <properties/>
  <testcase name="testActivateAndDeactivate" classname="de.tomgrill.gdxtesting.unit_tests.map.powerups.PrepTimePowerUpTests" time="0.013"/>
  <system-out><![CDATA[]]></system-out>
  <system-err><![CDATA[]]></system-err>
</testsuite>
