<?xml version="1.0" encoding="UTF-8"?>
<testsuite name="de.tomgrill.gdxtesting.unit_tests.menu.Buttons.SaveButtonTests" tests="2" skipped="0" failures="0" errors="0" timestamp="2023-04-29T16:45:34" hostname="DESKTOP-I4ITFE8" time="0.074">
  <properties/>
  <testcase name="testPerformedTask" classname="de.tomgrill.gdxtesting.unit_tests.menu.Buttons.SaveButtonTests" time="0.038"/>
  <testcase name="testRenderedAtStart" classname="de.tomgrill.gdxtesting.unit_tests.menu.Buttons.SaveButtonTests" time="0.017"/>
  <system-out><![CDATA[[]
[null, null]
]]></system-out>
  <system-err><![CDATA[]]></system-err>
</testsuite>
