<?xml version="1.0" encoding="UTF-8"?>
<testsuite name="de.tomgrill.gdxtesting.unit_tests.DifficultyTests" tests="3" skipped="0" failures="0" errors="0" timestamp="2023-05-02T13:29:27" hostname="BENS-LAPTOP" time="0.892">
  <properties/>
  <testcase name="checkEasyAdjustedTimes" classname="de.tomgrill.gdxtesting.unit_tests.DifficultyTests" time="0.821"/>
  <testcase name="checkHardAdjustedTimes" classname="de.tomgrill.gdxtesting.unit_tests.DifficultyTests" time="0.02"/>
  <testcase name="checkMediumAdjustedTimes" classname="de.tomgrill.gdxtesting.unit_tests.DifficultyTests" time="0.015"/>
  <system-out><![CDATA[]]></system-out>
  <system-err><![CDATA[]]></system-err>
</testsuite>
