<?xml version="1.0" encoding="UTF-8"?>
<testsuite name="de.tomgrill.gdxtesting.unit_tests.map.interactable.StationTests" tests="5" skipped="0" failures="0" errors="0" timestamp="2023-05-01T12:02:31" hostname="BENSPC" time="0.041">
  <properties/>
  <testcase name="testApplicableItem" classname="de.tomgrill.gdxtesting.unit_tests.map.interactable.StationTests" time="0.019"/>
  <testcase name="correctChoppedItemRegisterSwap" classname="de.tomgrill.gdxtesting.unit_tests.map.interactable.StationTests" time="0.0"/>
  <testcase name="testNonApplicableItem" classname="de.tomgrill.gdxtesting.unit_tests.map.interactable.StationTests" time="0.0"/>
  <testcase name="correctFormedItemRegisterSwap" classname="de.tomgrill.gdxtesting.unit_tests.map.interactable.StationTests" time="0.022"/>
  <testcase name="correctCookedItemRegisterSwap" classname="de.tomgrill.gdxtesting.unit_tests.map.interactable.StationTests" time="0.0"/>
  <system-out><![CDATA[held: [Meat]
Hand: Meat
]]></system-out>
  <system-err><![CDATA[]]></system-err>
</testsuite>
