<?xml version="1.0" encoding="UTF-8"?>
<testsuite name="de.tomgrill.gdxtesting.unit_tests.MainGameTests" tests="2" skipped="0" failures="0" errors="0" timestamp="2023-04-29T16:45:32" hostname="DESKTOP-I4ITFE8" time="0.098">
  <properties/>
  <testcase name="testSetSelectedPlayer" classname="de.tomgrill.gdxtesting.unit_tests.MainGameTests" time="0.063"/>
  <testcase name="testInitialisePlayers" classname="de.tomgrill.gdxtesting.unit_tests.MainGameTests" time="0.017"/>
  <system-out><![CDATA[]]></system-out>
  <system-err><![CDATA[]]></system-err>
</testsuite>
