<?xml version="1.0" encoding="UTF-8"?>
<testsuite name="de.tomgrill.gdxtesting.unit_tests.map.interactable.BakingStationTests" tests="4" skipped="0" failures="0" errors="0" timestamp="2023-05-02T13:29:28" hostname="BENS-LAPTOP" time="0.089">
  <properties/>
  <testcase name="testCorrectItem_Pizza" classname="de.tomgrill.gdxtesting.unit_tests.map.interactable.BakingStationTests" time="0.06"/>
  <testcase name="testBurntItem" classname="de.tomgrill.gdxtesting.unit_tests.map.interactable.BakingStationTests" time="0.024"/>
  <testcase name="testIncorrectItem" classname="de.tomgrill.gdxtesting.unit_tests.map.interactable.BakingStationTests" time="0.004"/>
  <testcase name="testCorrectItem_JacketPotato" classname="de.tomgrill.gdxtesting.unit_tests.map.interactable.BakingStationTests" time="0.0"/>
  <system-out><![CDATA[Insufficient Funds
null
Incorrect Item
]]></system-out>
  <system-err><![CDATA[]]></system-err>
</testsuite>
