<?xml version="1.0" encoding="UTF-8"?>
<testsuite name="de.tomgrill.gdxtesting.unit_tests.menu.Buttons.BackButtonTests" tests="2" skipped="0" failures="0" errors="0" timestamp="2023-04-29T16:45:33" hostname="DESKTOP-I4ITFE8" time="0.129">
  <properties/>
  <testcase name="testPerformedTask" classname="de.tomgrill.gdxtesting.unit_tests.menu.Buttons.BackButtonTests" time="0.093"/>
  <testcase name="testRenderedAtStart" classname="de.tomgrill.gdxtesting.unit_tests.menu.Buttons.BackButtonTests" time="0.018"/>
  <system-out><![CDATA[Returning to main menu
]]></system-out>
  <system-err><![CDATA[]]></system-err>
</testsuite>
