<?xml version="1.0" encoding="UTF-8"?>
<testsuite name="de.tomgrill.gdxtesting.unit_tests.MainGameTests" tests="2" skipped="0" failures="0" errors="0" timestamp="2023-04-29T15:05:22" hostname="DESKTOP-I4ITFE8" time="0.062">
  <properties/>
  <testcase name="testSetSelectedPlayer" classname="de.tomgrill.gdxtesting.unit_tests.MainGameTests" time="0.029"/>
  <testcase name="testInitialisePlayers" classname="de.tomgrill.gdxtesting.unit_tests.MainGameTests" time="0.015"/>
  <system-out><![CDATA[]]></system-out>
  <system-err><![CDATA[]]></system-err>
</testsuite>
