<?xml version="1.0" encoding="UTF-8"?>
<testsuite name="de.tomgrill.gdxtesting.unit_tests.map.powerups.CustomerWaitTimePowerUpTests" tests="1" skipped="0" failures="0" errors="0" timestamp="2023-04-29T15:05:24" hostname="DESKTOP-I4ITFE8" time="0.01">
  <properties/>
  <testcase name="testActivate" classname="de.tomgrill.gdxtesting.unit_tests.map.powerups.CustomerWaitTimePowerUpTests" time="0.01"/>
  <system-out><![CDATA[]]></system-out>
  <system-err><![CDATA[Exception in thread "HeadlessApplication" com.badlogic.gdx.utils.GdxRuntimeException: Couldn't load file: items/Cooking.png
	at com.badlogic.gdx.graphics.Pixmap.<init>(Pixmap.java:190)
	at com.badlogic.gdx.graphics.TextureData$Factory.loadFromFile(TextureData.java:101)
	at com.badlogic.gdx.graphics.Texture.<init>(Texture.java:122)
	at com.badlogic.gdx.graphics.Texture.<init>(Texture.java:114)
	at com.github.brokendesigners.map.powerups.PrepTimePowerUp.<init>(PrepTimePowerUp.java:22)
	at com.github.brokendesigners.map.powerups.PowerUpManager.spawnRandomPowerUp(PowerUpManager.java:74)
	at com.github.brokendesigners.map.powerups.PowerUpManager.access$000(PowerUpManager.java:15)
	at com.github.brokendesigners.map.powerups.PowerUpManager$1.run(PowerUpManager.java:47)
	at com.badlogic.gdx.backends.headless.HeadlessApplication.executeRunnables(HeadlessApplication.java:154)
	at com.badlogic.gdx.backends.headless.HeadlessApplication.mainLoop(HeadlessApplication.java:126)
	at com.badlogic.gdx.backends.headless.HeadlessApplication$1.run(HeadlessApplication.java:93)
Caused by: com.badlogic.gdx.utils.GdxRuntimeException: File not found: items\Cooking.png (Internal)
	at com.badlogic.gdx.files.FileHandle.read(FileHandle.java:142)
	at com.badlogic.gdx.files.FileHandle.readBytes(FileHandle.java:228)
	at com.badlogic.gdx.graphics.Pixmap.<init>(Pixmap.java:187)
	... 10 more
]]></system-err>
</testsuite>
