<?xml version="1.0" encoding="UTF-8"?>
<testsuite name="de.tomgrill.gdxtesting.unit_tests.map.interactable.AssemblyStationTests" tests="6" skipped="0" failures="0" errors="0" timestamp="2023-04-29T16:45:32" hostname="DESKTOP-I4ITFE8" time="0.031">
  <properties/>
  <testcase name="diffOrderCorrectBurgerAssemblyTest" classname="de.tomgrill.gdxtesting.unit_tests.map.interactable.AssemblyStationTests" time="0.021"/>
  <testcase name="correctSaladAssemblyTest" classname="de.tomgrill.gdxtesting.unit_tests.map.interactable.AssemblyStationTests" time="0.001"/>
  <testcase name="numberOfItemsTooSmall" classname="de.tomgrill.gdxtesting.unit_tests.map.interactable.AssemblyStationTests" time="0.001"/>
  <testcase name="diffOrderCorrectSaladAssemblyTest" classname="de.tomgrill.gdxtesting.unit_tests.map.interactable.AssemblyStationTests" time="0.002"/>
  <testcase name="correctBurgerAssemblyTest" classname="de.tomgrill.gdxtesting.unit_tests.map.interactable.AssemblyStationTests" time="0.003"/>
  <testcase name="incorrectBurgerAssembly" classname="de.tomgrill.gdxtesting.unit_tests.map.interactable.AssemblyStationTests" time="0.002"/>
  <system-out><![CDATA[3
3
2
3
3
2
]]></system-out>
  <system-err><![CDATA[]]></system-err>
</testsuite>
