<?xml version="1.0" encoding="UTF-8"?>
<testsuite name="de.tomgrill.gdxtesting.unit_tests.menu.Buttons.SaveButtonTests" tests="2" skipped="0" failures="0" errors="0" timestamp="2023-05-02T13:29:30" hostname="BENS-LAPTOP" time="0.046">
  <properties/>
  <testcase name="testPerformedTask" classname="de.tomgrill.gdxtesting.unit_tests.menu.Buttons.SaveButtonTests" time="0.022"/>
  <testcase name="testRenderedAtStart" classname="de.tomgrill.gdxtesting.unit_tests.menu.Buttons.SaveButtonTests" time="0.006"/>
  <system-out><![CDATA[[]
[null, null]
]]></system-out>
  <system-err><![CDATA[]]></system-err>
</testsuite>
