<?xml version="1.0" encoding="UTF-8"?>
<testsuite name="de.tomgrill.gdxtesting.unit_tests.menu.Buttons.ButtonTest" tests="4" skipped="0" failures="0" errors="0" timestamp="2023-04-29T15:05:24" hostname="DESKTOP-I4ITFE8" time="0.151">
  <properties/>
  <testcase name="testIsRendered" classname="de.tomgrill.gdxtesting.unit_tests.menu.Buttons.ButtonTest" time="0.097"/>
  <testcase name="testIsSelected" classname="de.tomgrill.gdxtesting.unit_tests.menu.Buttons.ButtonTest" time="0.001"/>
  <testcase name="testIsHovered" classname="de.tomgrill.gdxtesting.unit_tests.menu.Buttons.ButtonTest" time="0.004"/>
  <testcase name="testRender" classname="de.tomgrill.gdxtesting.unit_tests.menu.Buttons.ButtonTest" time="0.002"/>
  <system-out><![CDATA[]]></system-out>
  <system-err><![CDATA[]]></system-err>
</testsuite>
