<?xml version="1.0" encoding="UTF-8"?>
<testsuite name="de.tomgrill.gdxtesting.unit_tests.SaveTests" tests="4" skipped="0" failures="0" errors="0" timestamp="2023-05-01T12:02:31" hostname="BENSPC" time="0.057">
  <properties/>
  <testcase name="testSavedStations" classname="de.tomgrill.gdxtesting.unit_tests.SaveTests" time="0.013"/>
  <testcase name="testSavedCustomers" classname="de.tomgrill.gdxtesting.unit_tests.SaveTests" time="0.006"/>
  <testcase name="testSavedChefs" classname="de.tomgrill.gdxtesting.unit_tests.SaveTests" time="0.006"/>
  <testcase name="testSavedMatch" classname="de.tomgrill.gdxtesting.unit_tests.SaveTests" time="0.007"/>
  <system-out><![CDATA[[Onion, Potato]
[Onion, Potato]
[Onion, Potato]
[Onion, Potato]
]]></system-out>
  <system-err><![CDATA[]]></system-err>
</testsuite>
