<?xml version="1.0" encoding="UTF-8"?>
<testsuite name="de.tomgrill.gdxtesting.unit_tests.menu.Buttons.ScenarioModeButtonTests" tests="2" skipped="0" failures="0" errors="0" timestamp="2023-04-30T12:14:38" hostname="DESKTOP-I4ITFE8" time="0.06">
  <properties/>
  <testcase name="testPerformedTask" classname="de.tomgrill.gdxtesting.unit_tests.menu.Buttons.ScenarioModeButtonTests" time="0.026"/>
  <testcase name="testRenderedAtStart" classname="de.tomgrill.gdxtesting.unit_tests.menu.Buttons.ScenarioModeButtonTests" time="0.016"/>
  <system-out><![CDATA[]]></system-out>
  <system-err><![CDATA[]]></system-err>
</testsuite>
