<?xml version="1.0" encoding="UTF-8"?>
<testsuite name="de.tomgrill.gdxtesting.unit_tests.map.powerups.CarryCapacityPowerUpTests" tests="1" skipped="0" failures="0" errors="0" timestamp="2023-04-29T17:23:37" hostname="DESKTOP-I4ITFE8" time="0.027">
  <properties/>
  <testcase name="testActivateAndDeactivate" classname="de.tomgrill.gdxtesting.unit_tests.map.powerups.CarryCapacityPowerUpTests" time="0.027"/>
  <system-out><![CDATA[]]></system-out>
  <system-err><![CDATA[]]></system-err>
</testsuite>
