<?xml version="1.0" encoding="UTF-8"?>
<testsuite name="de.tomgrill.gdxtesting.unit_tests.map.interactable.BakingStationTests" tests="4" skipped="0" failures="0" errors="0" timestamp="2023-05-01T12:02:31" hostname="BENSPC" time="0.021">
  <properties/>
  <testcase name="testCorrectItem_Pizza" classname="de.tomgrill.gdxtesting.unit_tests.map.interactable.BakingStationTests" time="0.012"/>
  <testcase name="testBurntItem" classname="de.tomgrill.gdxtesting.unit_tests.map.interactable.BakingStationTests" time="0.008"/>
  <testcase name="testIncorrectItem" classname="de.tomgrill.gdxtesting.unit_tests.map.interactable.BakingStationTests" time="0.001"/>
  <testcase name="testCorrectItem_JacketPotato" classname="de.tomgrill.gdxtesting.unit_tests.map.interactable.BakingStationTests" time="0.0"/>
  <system-out><![CDATA[Insufficient Funds
null
Incorrect Item
]]></system-out>
  <system-err><![CDATA[]]></system-err>
</testsuite>
