<?xml version="1.0" encoding="UTF-8"?>
<testsuite name="de.tomgrill.gdxtesting.unit_tests.menu.Buttons.QuitButtonTests" tests="2" skipped="0" failures="0" errors="0" timestamp="2023-04-29T15:47:33" hostname="DESKTOP-I4ITFE8" time="0.04">
  <properties/>
  <testcase name="testUnrenderedAtStart" classname="de.tomgrill.gdxtesting.unit_tests.menu.Buttons.QuitButtonTests" time="0.02"/>
  <testcase name="testPerformedTask" classname="de.tomgrill.gdxtesting.unit_tests.menu.Buttons.QuitButtonTests" time="0.02"/>
  <system-out><![CDATA[Returning to main menu
]]></system-out>
  <system-err><![CDATA[]]></system-err>
</testsuite>
