<?xml version="1.0" encoding="UTF-8"?>
<testsuite name="de.tomgrill.gdxtesting.unit_tests.character.CustomerTests" tests="5" skipped="0" failures="0" errors="0" timestamp="2023-04-30T00:12:03" hostname="LAPTOP-USS9CV47" time="0.066">
  <properties/>
  <testcase name="testWaitingPhase" classname="de.tomgrill.gdxtesting.unit_tests.character.CustomerTests" time="0.001"/>
  <testcase name="testSpawn" classname="de.tomgrill.gdxtesting.unit_tests.character.CustomerTests" time="0.001"/>
  <testcase name="testMovingToStationPhase" classname="de.tomgrill.gdxtesting.unit_tests.character.CustomerTests" time="0.005"/>
  <testcase name="testLeavingPhase" classname="de.tomgrill.gdxtesting.unit_tests.character.CustomerTests" time="0.001"/>
  <testcase name="testDespawnPhase" classname="de.tomgrill.gdxtesting.unit_tests.character.CustomerTests" time="0.001"/>
  <system-out><![CDATA[]]></system-out>
  <system-err><![CDATA[]]></system-err>
</testsuite>
