<?xml version="1.0" encoding="UTF-8"?>
<testsuite name="de.tomgrill.gdxtesting.unit_tests.map.interactable.BinStationTests" tests="2" skipped="0" failures="0" errors="0" timestamp="2023-04-30T12:14:36" hostname="DESKTOP-I4ITFE8" time="0.005">
  <properties/>
  <testcase name="testEmptyHandInteraction" classname="de.tomgrill.gdxtesting.unit_tests.map.interactable.BinStationTests" time="0.001"/>
  <testcase name="testItemRemoval" classname="de.tomgrill.gdxtesting.unit_tests.map.interactable.BinStationTests" time="0.003"/>
  <system-out><![CDATA[held: [Mock for Item, hashCode: 1723498053]
]]></system-out>
  <system-err><![CDATA[]]></system-err>
</testsuite>
