<?xml version="1.0" encoding="UTF-8"?>
<testsuite name="de.tomgrill.gdxtesting.unit_tests.character.CustomerManagerTests" tests="2" skipped="0" failures="0" errors="0" timestamp="2023-04-25T13:17:43" hostname="BENSPC" time="0.016">
  <properties/>
  <testcase name="testIsComplete" classname="de.tomgrill.gdxtesting.unit_tests.character.CustomerManagerTests" time="0.003"/>
  <testcase name="testTimeToString" classname="de.tomgrill.gdxtesting.unit_tests.character.CustomerManagerTests" time="0.0"/>
  <system-out><![CDATA[1
2
3
4
5
]]></system-out>
  <system-err><![CDATA[]]></system-err>
</testsuite>
