<?xml version="1.0" encoding="UTF-8"?>
<testsuite name="de.tomgrill.gdxtesting.unit_tests.menu.Buttons.EndlessModeButtonTests" tests="2" skipped="0" failures="0" errors="0" timestamp="2023-04-29T15:47:33" hostname="DESKTOP-I4ITFE8" time="0.057">
  <properties/>
  <testcase name="testPerformedTask" classname="de.tomgrill.gdxtesting.unit_tests.menu.Buttons.EndlessModeButtonTests" time="0.021"/>
  <testcase name="testRenderedAtStart" classname="de.tomgrill.gdxtesting.unit_tests.menu.Buttons.EndlessModeButtonTests" time="0.018"/>
  <system-out><![CDATA[]]></system-out>
  <system-err><![CDATA[]]></system-err>
</testsuite>
