<?xml version="1.0" encoding="UTF-8"?>
<testsuite name="de.tomgrill.gdxtesting.unit_tests.map.interactable.StationTests" tests="5" skipped="0" failures="0" errors="0" timestamp="2023-04-24T13:57:26" hostname="BENSPC" time="0.076">
  <properties/>
  <testcase name="testApplicableItem" classname="de.tomgrill.gdxtesting.unit_tests.map.interactable.StationTests" time="0.034"/>
  <testcase name="correctChoppedItemRegisterSwap" classname="de.tomgrill.gdxtesting.unit_tests.map.interactable.StationTests" time="0.0"/>
  <testcase name="testNonApplicableItem" classname="de.tomgrill.gdxtesting.unit_tests.map.interactable.StationTests" time="0.0"/>
  <testcase name="correctFormedItemRegisterSwap" classname="de.tomgrill.gdxtesting.unit_tests.map.interactable.StationTests" time="0.04"/>
  <testcase name="correctCookedItemRegisterSwap" classname="de.tomgrill.gdxtesting.unit_tests.map.interactable.StationTests" time="0.0"/>
  <system-out><![CDATA[held: [Meat]
hand ability:true
Hand: Meat
]]></system-out>
  <system-err><![CDATA[]]></system-err>
</testsuite>
