<?xml version="1.0" encoding="UTF-8"?>
<testsuite name="de.tomgrill.gdxtesting.unit_tests.menu.Buttons.ScenarioModeButtonTests" tests="2" skipped="0" failures="0" errors="0" timestamp="2023-05-02T13:29:30" hostname="BENS-LAPTOP" time="0.024">
  <properties/>
  <testcase name="testPerformedTask" classname="de.tomgrill.gdxtesting.unit_tests.menu.Buttons.ScenarioModeButtonTests" time="0.008"/>
  <testcase name="testRenderedAtStart" classname="de.tomgrill.gdxtesting.unit_tests.menu.Buttons.ScenarioModeButtonTests" time="0.007"/>
  <system-out><![CDATA[]]></system-out>
  <system-err><![CDATA[]]></system-err>
</testsuite>
