<?xml version="1.0" encoding="UTF-8"?>
<testsuite name="de.tomgrill.gdxtesting.unit_tests.menu.Buttons.ButtonTest" tests="4" skipped="0" failures="0" errors="0" timestamp="2023-05-02T12:14:25" hostname="BENSPC" time="0.073">
  <properties/>
  <testcase name="testIsRendered" classname="de.tomgrill.gdxtesting.unit_tests.menu.Buttons.ButtonTest" time="0.021"/>
  <testcase name="testIsSelected" classname="de.tomgrill.gdxtesting.unit_tests.menu.Buttons.ButtonTest" time="0.0"/>
  <testcase name="testIsHovered" classname="de.tomgrill.gdxtesting.unit_tests.menu.Buttons.ButtonTest" time="0.002"/>
  <testcase name="testRender" classname="de.tomgrill.gdxtesting.unit_tests.menu.Buttons.ButtonTest" time="0.0"/>
  <system-out><![CDATA[]]></system-out>
  <system-err><![CDATA[]]></system-err>
</testsuite>
