<?xml version="1.0" encoding="UTF-8"?>
<testsuite name="de.tomgrill.gdxtesting.unit_tests.SaveTests" tests="4" skipped="0" failures="0" errors="0" timestamp="2023-04-30T00:12:03" hostname="LAPTOP-USS9CV47" time="0.07">
  <properties/>
  <testcase name="testSavedStations" classname="de.tomgrill.gdxtesting.unit_tests.SaveTests" time="0.014"/>
  <testcase name="testSavedCustomers" classname="de.tomgrill.gdxtesting.unit_tests.SaveTests" time="0.006"/>
  <testcase name="testSavedChefs" classname="de.tomgrill.gdxtesting.unit_tests.SaveTests" time="0.006"/>
  <testcase name="testSavedMatch" classname="de.tomgrill.gdxtesting.unit_tests.SaveTests" time="0.005"/>
  <system-out><![CDATA[[Onion, Potato]
[Onion, Potato]
[Onion, Potato]
[Onion, Potato]
]]></system-out>
  <system-err><![CDATA[]]></system-err>
</testsuite>
